2025-10-17 12:38:37,806 - INFO - 收到文件解读请求: C:\Users\mi\Desktop\example\测试BF-王金丰\PPT\美食\燕真卿内容种草达人brief（醇浓款）.pptx, 模式: 我没招了),程序开始运行......
2025-10-17 12:38:37,810 - INFO - Brief文件类型：pptx
2025-10-17 12:38:37,810 - INFO - 使用 Windows LibreOffice 路径: E:\program\soffice.exe
2025-10-17 12:38:53,373 - INFO - 已经成功转化为pdf！
2025-10-17 12:38:53,376 - INFO - PDF共有: 22 页
2025-10-17 12:38:55,158 - INFO - 已经处理完PPT文件！
2025-10-17 12:39:13,865 - INFO - Brief文字提取全部完成!
2025-10-17 12:39:13,865 - INFO - ========================开始解析Brief========================
2025-10-17 12:39:53,182 - INFO - 选号需求解读结果:{
  "产品基础信息": {
    "品牌/产品名称": "燕真卿即食阿胶燕窝",
    "产品类目": "其他",
    "产品卖点": [
      {
        "类型": "核心卖点",
        "内容": "科学双效双补：阿胶燕窝豪华双补 + 白里透红协同增效"
      },
      {
        "类型": "核心卖点",
        "内容": "相较于普通燕窝，阿胶燕窝能显著提升修复能力，促进肌肤活力，改善肤质，使肌肤柔嫩光滑，白里透红"
      },
      {
        "类型": "硬件参数型卖点",
        "内容": "配方：黄金配比，1:1.5"
      },
      {
        "类型": "硬件参数型卖点",
        "内容": "原料：道地阿胶，甄选燕窝"
      },
      {
        "类型": "硬件参数型卖点",
        "内容": "品质：东阿阿胶，大牌严选"
      },
      {
        "类型": "硬件参数型卖点",
        "内容": "专利：两大专利，锁住营养"
      }
    ],
    "产品特点": [
      "功效: 胶燕相融，白里透红",
      "配方: 黄金配比，1:1.5",
      "原料: 道地阿胶，甄选燕窝",
      "品质: 东阿阿胶，大牌严选",
      "专利: 两大专利，锁住营养"
    ]
  },
  "合作情况": {
    "投放总预算": "",
    "预算要求（含粉丝层级/数量/单价）": [],
    "推广周期": "2025H2 618营销",
    "投放形式": {
      "视频占比": "",
      "图文占比": ""
    },
    "创作要求": "话风自然真实，从自身情况引入，使用简单易懂、符合自己文章调性的词语和种草口吻，通过强力推荐和使用场景画面，激发粉丝购买欲望；部分品类信息相对敏感，需要规避部分敏感词；文章注意换行、空行等适当使用表情修饰排版；必踩品牌词“燕真卿阿胶燕窝”1次，必踩品类词“即食阿胶燕窝”1次；图文/视频笔记必带话题：#东阿阿胶 #燕真卿燕窝 #燕真卿阿胶燕窝 #阿胶燕窝双效双补 #；出稿前提供场景+内容脚本进行确认，按照规定时间交稿，不得拖稿；发布后需及时维护评区；视频及文案不能出现其他滋补、保健品牌；内容发布后不可擅自修改、删除、隐藏等；发布当天不可发除本推广之外的其他笔记；图片穿搭突出燕真卿阿胶燕窝，布景不能喧兵夺主，产品种草时道具不能挡住产品！不能出现竞品品牌！图片数量12张以上，清晰呈现产品及品牌 Logo，配图干净简洁，突出白里透红好气色，6~8张产品出境照+3~4张近景特写产品的图，可以使用拼图或者使用花字介绍使图片丰富；合适的场景可以搭配道具增加氛围感，拍摄画面需以暖色系为主，采用自然光与侧光突出产品质感，人物占比60%展现白里透红活人感，与品牌传递的「好气色」「好状态」契合，禁用过度滤镜以呈现真实红润肤色；背景滤镜：简单大方干净明亮，不要过度曝光或是过暗；前置资源：需要在拍摄前至少 7 天给到脚本，以及出镜场景确认；时长：总时长：60 秒以上；最迟视频 30 秒左右就要产品露出；合集内容需将燕真卿产品放在首位；花字 highlight，非口播素材特写镜头展示、需占 50%以上；视频画质：1080p，30fps 以上的高清画质；作品保留：需要至少保留视频三个月，不得随意删除或是隐藏视频；封面主突出白里透红好气色，拍摄时，可多备 2 张备选封面；须化妆出镜，不接受素颜进行产品种草和展示，禁止所有照片都是全景照、视频画面无产品出现 / 产品随意摆拍展示；禁止文案 / 讲解话术和图片、视频毫无关联",
    "账号类型": ["精致白领、高颜值、护肤博主", "贵妇人设宝妈、好身材宝妈、颜值宝妈", "好物推荐、KOC、学生党", "好物推荐、KOC、护肤测评"]
  },
  "目标人群/粉丝画像": {
    "粉丝画像": {
      "年龄层": "28-35岁",
      "性别占比": "",
      "城市分布": "",
      "兴趣爱好": "中式滋补、食补去黄气、内调外养好气色、素颜也漂亮",
      "设备占比": ""
    },
    "数据要求": {
      "CPM": null,
      "CPE": null,
      "下单粉丝占比": null,
      "活跃粉丝占比": null,
      "预估外溢进店单价": null
    },
    "对标案例链接": []
  },
  "竞品信息": {
    "竞品名称与产品型号": "",
    "竞品投放账号类型": "",
    "竞品投放策略": ""
  },
  "其他要求": {
    "是否有肤质要求": [],
    "是否需要探店": [],
    "是否需要外景拍摄": [],
    "小孩/宝宝性别年龄要求": []
  }
}
2025-10-17 12:39:53,185 - INFO - 内容创作解读结果:{
  "产品基础信息": {
    "产品品类": "即食阿胶燕窝",
    "目标人群": "28-35岁中式滋补人群，包括新锐白领（气场精英 & 精致孕妇要求随时好状态）、活力新世代（闪亮颜究员需求素颜也漂亮）",
    "使用场景": "职场“去班味”、孕后恢复、高能量状态等场景",
    "切入方向": "科学双效双补：阿胶燕窝豪华双补 + 白里透红协同增效"
  },
  "卖点信息": {
    "产品主要卖点": [
      "相较于普通燕窝，阿胶燕窝能显著提升修复能力，促进肌肤活力，改善肤质，使肌肤柔嫩光滑，白里透红",
      "功效: 胶燕相融，白里透红",
      "专利: 两大专利，锁住营养",
      "配方: 黄金配比，1 : 1.5",
      "原料: 道地阿胶，甄选燕窝",
      "品质: 东阿阿胶，大牌严选",
      "21天喝出白里透红！！1瓶＝2种滋补",
      "有效激活生命力，促进肌肤逆龄生长",
      "燕窝中加入阿胶，可以更好地激发皮肤的抗氧化酶",
      "燕窝中加入阿胶，可减缓紫外线对于皮肤的损伤累计，有更好地修复效果",
      "出色的抗光老化作用，搭建肌肤“防晒伞”",
      "相较于不吃阿胶燕窝的人，更能激活细胞代谢更新，让肌肤柔嫩光滑",
      "燕窝中加入阿胶，可促进皮肤胶原蛋白合成，起到抗皱的效果",
      "1份阿胶醇厚滋养，1.5份燕窝轻盈润泽",
      "冻龄抗氧补气血、科学配方双效双补",
      "白里透红功效、科学配方双效双补（黄金配比 1:1.5+ 皮肤修复是纯燕窝的 5.6 倍、活力提升最高有 28%）",
      "大牌严选好成分，内调外养好气色",
      "白里透红（燕窝和阿胶双效双补 促进肌肤新陈代谢 + 改善干燥松垮：Ⅰ型胶原蛋白最高提升160%，Ⅳ型胶原蛋白最高提升123.68%）",
      "修复皮肤光老化效果是纯燕窝的5.6 倍 + 比纯燕窝降低 54% 皮肤损伤 + 抗氧化酶活力比纯燕窝最高提升 28%"
    ],
    "产品次要卖点": [],
    "专利背书": "两大专利，锁住营养",
    "必带Tag": ["#东阿阿胶", "#燕真卿燕窝", "#燕真卿阿胶燕窝", "#阿胶燕窝双效双补"]
  },
  "创作方向": [
    {
      "方向名称": "美养佳人 x #21 天喝出白里透红！！1 瓶 = 2 种滋补 #",
      "方向说明": "通过去班味痛点切入，以 21 天早晚一瓶每天都喝的真实打卡经历口碑验证皮肤变好、松垮改善，保持随时随地好状态去传播产品配方（黄金配比，1:1.5）、原料（地道阿胶、甄选燕窝）、品质（东阿阿胶、大牌严选）、双效双补—皮肤活力提升（比纯燕窝最高提升 28%）"
    },
    {
      "方向名称": "美养佳人 x # 你以为的带娃 VS 实际上的带娃 #，冻龄抗氧补气血、科学配方双效双补",
      "方向说明": "通过高净值女性真实带娃场景切入，以你以为的带娃很辛苦 vs 实际上精致辣妈带娃好气色引出植入产品，通过冻龄抗氧补气血传播产品白里透红功效、科学配方双效双补（黄金配比 1:1.5+ 皮肤修复是纯燕窝的 5.6 倍、活力提升最高有 28%）"
    },
    {
      "方向名称": "活力新世代 × # 普通女孩的滋补账本，618 开囤 #，大牌严选好成分，内调外养好气色",
      "方向说明": "通过普通女孩也能素颜好气血切入，强化产品大牌严选双效双补和高性价比（¥58/瓶），打造产品是素颜女孩养颜仙品并传播产品卖点: 白里透红（燕窝和阿胶双效双补 促进肌肤新陈代谢 + 改善干燥松垮：Ⅰ型胶原蛋白最高提升160%，Ⅳ型胶原蛋白最高提升123.68%）"
    },
    {
      "方向名称": "活力新世代 ×# 全新的内养外调新方式: 1瓶=2种滋补 #",
      "方向说明": "打造全新内养外调新方式夯实东阿阿胶颜真卿品类印象，突出产品白里透红实力，配合早晚各一瓶饮用方式夯实品类印象，并传播产品卖点: 修复皮肤光老化效果是纯燕窝的5.6 倍 + 比纯燕窝降低 54% 皮肤损伤 + 抗氧化酶活力比纯燕窝最高提升 28%"
    }
  ],
  "创作注意事项": [
    "话风自然真实，从自身情况引入，使用简单易懂、符合自己文章调性的词语和种草口吻，通过强力推荐和使用场景画面，激发粉丝购买欲望；部分品类信息相对敏感，需要规避部分敏感词；文章注意换行、空行等适当使用表情修饰排版；",
    "必踩品牌词“燕真卿阿胶燕窝”1次，必踩品类词“即食阿胶燕窝”1次；",
    "图文/视频笔记必带话题：#东阿阿胶 #燕真卿燕窝 #燕真卿阿胶燕窝 #阿胶燕窝双效双补 #；",
    "出稿前提供场景+内容脚本进行确认，按照规定时间交稿，不得拖稿，否则取消合作；",
    "发布后需及时维护评区：笔记评论不为0，配合回复“去哪里买”，“怎么买”等粉丝提问，一定要含有关键词：“燕真卿阿胶燕窝”，可以不用特意引导到其他平台，但一定要有品牌词+产品名称，有负面信息需要配合删除；",
    "视频及文案不能出现其他滋补、保健品牌；",
    "内容发布后不可擅自修改、删除、隐藏等，违者将进入各品牌通告黑名单，并追究法律责任；",
    "发布当天不可发除本推广之外的其他笔记，避免分流；",
    "图片穿搭突出燕真卿阿胶燕窝，布景不能喧兵夺主，产品种草时道具不能挡住产品！不能出现竞品品牌！",
    "图片数量12张以上（避免补拍），清晰呈现产品及品牌 Logo（不能镜像），配图干净简洁，突出白里透红好气色，6~8张产品出境照（注意产品不能被遮挡）+3~4张近景特写产品的图，可以使用拼图或者使用花字介绍使图片丰富；",
    "合适的场景可以搭配道具增加氛围感，拍摄画面需以暖色系为主，采用自然光与侧光突出产品质感，人物占比60%展现白里透红活人感，与品牌传递的「好气色」「好状态」契合，禁用过度滤镜以呈现真实红润肤色；",
    "背景滤镜：简单大方干净明亮，不要过度曝光或是过暗（需注意产品视觉呈现不能曝光！）；",
    "前置资源：需要在拍摄前至少 7 天给到脚本，以及出镜场景确认；",
    "时长：总时长：60 秒以上；**最迟视频 30 秒左右就要产品露出**；",
    "展现：合集内容需将燕真卿产品放在首位（具体可协商），封面露出产品，内容加关键词",
    "花字 highlight，**非口播素材特写镜头**展示、需占 50%以上；",
    "视频画质：1080p，30fps 以上的高清画质；",
    "作品保留：需要至少保留视频三个月，不得随意删除或是隐藏视频；",
    "封面主突出白里透红好气色，拍摄时，可多备 2 张备选封面；",
    "P.S. 须化妆出镜，不接受素颜进行产品种草和展示，禁止所有照片都是全景照、视频画面无产品出现 / 产品随意摆拍展示；禁止文案 / 讲解话术和图片、视频毫无关联；",
    "不可涉及绝对、一定、最xx、全面、全能、行业第一、历史第一、首选，最、最佳、最具、最爱、最赚、最优、最优秀、最好、最大、最大程度、最高、最高级、最高端、最奢侈、最低、最低级、最低价、最底、最便宜、史上最低价、最流行、最受欢迎、最时尚、最聚拢、最符合、最舒适、最先、最先进、最先进科学、最先进加工工艺、最先享受、最后、最后一波、最新、最新技术、最新科学、第一、中国第一、全网第一、销量第一、排名第一、唯一、第一品牌、NO.1、TOP1、独一无二、全国第一、一流、一天、仅此一天（一次）、最后一波、全国X大品牌之一、全球级、宇宙级、世界级、顶级（顶尖/尖端）、顶级工艺、顶级享受；",
    "不可涉及无菌;特效；高效；全效；强效；速效；XX天见效；XX周期见效；超强；史无前例、前无古人、永久、万能、祖传、特效、无敌、纯天然、100%、高档、正品、真皮、超赚、精确、领袖品牌、世界领先、（遥遥）领先、领导者、缔造者、创领a品牌、领先上市、掌门人、至尊、巅峰、领袖、之王、王者、冠军；",
    "痛点描述也不可采用过大夸张的词汇"
  ]
}
2025-10-17 12:39:53,187 - INFO - 产品品类:002
2025-10-17 12:39:53,187 - INFO - 排版要求:001
2025-10-17 12:39:53,187 - INFO - file_collate_selection 转换成功
2025-10-17 12:39:53,187 - INFO - file_collate_create 转换成功
2025-10-17 12:39:53,193 - INFO - 已删除文件: ./Document\燕真卿内容种草达人brief（醇浓款）.pdf
2025-10-17 12:39:53,193 - INFO - 运行时间: 75.38766080 秒
